<?xml version="1.0" encoding="UTF-8"?>
<!-- Generated by org.testng.reporters.JUnitReportReporter -->
<testsuite hostname="Badal-pc" failures="0" tests="1" name="Bpack.FourTest" time="0.002" errors="0" timestamp="2025-03-29T02:37:30 IST" skipped="0">
  <testcase classname="Bpack.FourTest" name="mFour" time="0.002"/>
</testsuite> <!-- Bpack.FourTest -->
