<?xml version="1.0" encoding="UTF-8"?>
<!-- Generated by org.testng.reporters.JUnitReportReporter -->
<testsuite hostname="Badal-pc" failures="0" tests="1" name="Bpack.OneTest" time="10.836" errors="0" timestamp="2025-03-29T02:37:30 IST" skipped="0">
  <testcase classname="Bpack.OneTest" name="mOne" time="10.836"/>
</testsuite> <!-- Bpack.OneTest -->
