<?xml version="1.0" encoding="UTF-8"?>
<!-- Generated by org.testng.reporters.JUnitReportReporter -->
<testsuite hostname="Badal-pc" failures="0" tests="1" name="Bpack.TwoTest" time="0.012" errors="0" timestamp="2025-03-29T02:37:30 IST" skipped="0">
  <testcase classname="Bpack.TwoTest" name="mTwo" time="0.012"/>
</testsuite> <!-- Bpack.TwoTest -->
